# JRE version: Java(TM) SE Runtime Environment (8.0_121-b13) (build 1.8.0_121-b13)
# Java VM: Java HotSpot(TM) 64-Bit Server VM (25.121-b13 mixed mode bsd-amd64 compressed oops)
Heap:
 PSYoungGen      total 86016K, used 24215K [0x000000076ab00000, 0x0000000771d00000, 0x00000007c0000000)
  eden space 56320K, 9% used [0x000000076ab00000,0x000000076b0134b8,0x000000076e200000)
  from space 29696K, 64% used [0x0000000770000000,0x0000000771292890,0x0000000771d00000)
  to   space 30208K, 0% used [0x000000076e200000,0x000000076e200000,0x000000076ff80000)
 ParOldGen       total 175104K, used 65609K [0x00000006c0000000, 0x00000006cab00000, 0x000000076ab00000)
  object space 175104K, 37% used [0x00000006c0000000,0x00000006c40126c0,0x00000006cab00000)
 Metaspace       used 21593K, capacity 21834K, committed 22400K, reserved 1069056K
  class space    used 2508K, capacity 2571K, committed 2688K, reserved 1048576K
GC Heap History (10 events):
Event: 222226.445 GC heap before
{Heap before GC invocations=12 (full 2):
 PSYoungGen      total 74752K, used 74648K [0x000000076ab00000, 0x0000000771e00000, 0x00000007c0000000)
  eden space 61440K, 100% used [0x000000076ab00000,0x000000076e700000,0x000000076e700000)
  from space 13312K, 99% used [0x000000076e800000,0x000000076f4e61f8,0x000000076f500000)
  to   space 28160K, 0% used [0x0000000770280000,0x0000000770280000,0x0000000771e00000)
 ParOldGen       total 175104K, used 53833K [0x00000006c0000000, 0x00000006cab00000, 0x000000076ab00000)
  object space 175104K, 30% used [0x00000006c0000000,0x00000006c3492430,0x00000006cab00000)
 Metaspace       used 21431K, capacity 21698K, committed 22144K, reserved 1069056K
  class space    used 2500K, capacity 2569K, committed 2688K, reserved 1048576K
Event: 222226.451 GC heap after
Heap after GC invocations=12 (full 2):
 PSYoungGen      total 88576K, used 2731K [0x000000076ab00000, 0x0000000771e00000, 0x00000007c0000000)
  eden space 60416K, 0% used [0x000000076ab00000,0x000000076ab00000,0x000000076e600000)
  from space 28160K, 9% used [0x0000000770280000,0x000000077052adb8,0x0000000771e00000)
  to   space 28672K, 0% used [0x000000076e600000,0x000000076e600000,0x0000000770200000)
 ParOldGen       total 175104K, used 55544K [0x00000006c0000000, 0x00000006cab00000, 0x000000076ab00000)
  object space 175104K, 31% used [0x00000006c0000000,0x00000006c363e268,0x00000006cab00000)
 Metaspace       used 21431K, capacity 21698K, committed 22144K, reserved 1069056K
  class space    used 2500K, capacity 2569K, committed 2688K, reserved 1048576K
}
Event: 229322.671 GC heap before
{Heap before GC invocations=13 (full 2):
 PSYoungGen      total 88576K, used 63147K [0x000000076ab00000, 0x0000000771e00000, 0x00000007c0000000)
  eden space 60416K, 100% used [0x000000076ab00000,0x000000076e600000,0x000000076e600000)
  from space 28160K, 9% used [0x0000000770280000,0x000000077052adb8,0x0000000771e00000)
  to   space 28672K, 0% used [0x000000076e600000,0x000000076e600000,0x0000000770200000)
 ParOldGen       total 175104K, used 55544K [0x00000006c0000000, 0x00000006cab00000, 0x000000076ab00000)
  object space 175104K, 31% used [0x00000006c0000000,0x00000006c363e268,0x00000006cab00000)
 Metaspace       used 21435K, capacity 21698K, committed 22144K, reserved 1069056K
  class space    used 2500K, capacity 2569K, committed 2688K, reserved 1048576K
Event: 229322.676 GC heap after
Heap after GC invocations=13 (full 2):
 PSYoungGen      total 88064K, used 448K [0x000000076ab00000, 0x0000000771f00000, 0x00000007c0000000)
  eden space 59392K, 0% used [0x000000076ab00000,0x000000076ab00000,0x000000076e500000)
  from space 28672K, 1% used [0x000000076e600000,0x000000076e670000,0x0000000770200000)
  to   space 29696K, 0% used [0x0000000770200000,0x0000000770200000,0x0000000771f00000)
 ParOldGen       total 175104K, used 57837K [0x00000006c0000000, 0x00000006cab00000, 0x000000076ab00000)
  object space 175104K, 33% used [0x00000006c0000000,0x00000006c387b700,0x00000006cab00000)
 Metaspace       used 21435K, capacity 21698K, committed 22144K, reserved 1069056K
  class space    used 2500K, capacity 2569K, committed 2688K, reserved 1048576K
}
Event: 264546.156 GC heap before
{Heap before GC invocations=14 (full 2):
 PSYoungGen      total 88064K, used 59504K [0x000000076ab00000, 0x0000000771f00000, 0x00000007c0000000)
  eden space 59392K, 99% used [0x000000076ab00000,0x000000076e4ac340,0x000000076e500000)
  from space 28672K, 1% used [0x000000076e600000,0x000000076e670000,0x0000000770200000)
  to   space 29696K, 0% used [0x0000000770200000,0x0000000770200000,0x0000000771f00000)
 ParOldGen       total 175104K, used 57837K [0x00000006c0000000, 0x00000006cab00000, 0x000000076ab00000)
  object space 175104K, 33% used [0x00000006c0000000,0x00000006c387b700,0x00000006cab00000)
 Metaspace       used 21552K, capacity 21834K, committed 22400K, reserved 1069056K
  class space    used 2506K, capacity 2571K, committed 2688K, reserved 1048576K
Event: 264546.180 GC heap after
Heap after GC invocations=14 (full 2):
 PSYoungGen      total 88064K, used 20445K [0x000000076ab00000, 0x0000000772000000, 0x00000007c0000000)
  eden space 58368K, 0% used [0x000000076ab00000,0x000000076ab00000,0x000000076e400000)
  from space 29696K, 68% used [0x0000000770200000,0x00000007715f75d0,0x0000000771f00000)
  to   space 30720K, 0% used [0x000000076e400000,0x000000076e400000,0x0000000770200000)
 ParOldGen       total 175104K, used 58165K [0x00000006c0000000, 0x00000006cab00000, 0x000000076ab00000)
  object space 175104K, 33% used [0x00000006c0000000,0x00000006c38cd700,0x00000006cab00000)
 Metaspace       used 21552K, capacity 21834K, committed 22400K, reserved 1069056K
  class space    used 2506K, capacity 2571K, committed 2688K, reserved 1048576K
}
Event: 319608.452 GC heap before
{Heap before GC invocations=15 (full 2):
 PSYoungGen      total 88064K, used 76022K [0x000000076ab00000, 0x0000000772000000, 0x00000007c0000000)
  eden space 58368K, 95% used [0x000000076ab00000,0x000000076e146510,0x000000076e400000)
  from space 29696K, 68% used [0x0000000770200000,0x00000007715f75d0,0x0000000771f00000)
  to   space 30720K, 0% used [0x000000076e400000,0x000000076e400000,0x0000000770200000)
 ParOldGen       total 175104K, used 58165K [0x00000006c0000000, 0x00000006cab00000, 0x000000076ab00000)
  object space 175104K, 33% used [0x00000006c0000000,0x00000006c38cd700,0x00000006cab00000)
 Metaspace       used 21563K, capacity 21834K, committed 22400K, reserved 1069056K
  class space    used 2506K, capacity 2571K, committed 2688K, reserved 1048576K
Event: 319608.715 GC heap after
Heap after GC invocations=15 (full 2):
 PSYoungGen      total 66560K, used 9161K [0x000000076ab00000, 0x0000000771d00000, 0x00000007c0000000)
  eden space 57344K, 0% used [0x000000076ab00000,0x000000076ab00000,0x000000076e300000)
  from space 9216K, 99% used [0x000000076e400000,0x000000076ecf24f0,0x000000076ed00000)
  to   space 29696K, 0% used [0x0000000770000000,0x0000000770000000,0x0000000771d00000)
 ParOldGen       total 175104K, used 65521K [0x00000006c0000000, 0x00000006cab00000, 0x000000076ab00000)
  object space 175104K, 37% used [0x00000006c0000000,0x00000006c3ffc6c0,0x00000006cab00000)
 Metaspace       used 21563K, capacity 21834K, committed 22400K, reserved 1069056K
  class space    used 2506K, capacity 2571K, committed 2688K, reserved 1048576K
}
Event: 827625.807 GC heap before
{Heap before GC invocations=16 (full 2):
 PSYoungGen      total 66560K, used 65764K [0x000000076ab00000, 0x0000000771d00000, 0x00000007c0000000)
  eden space 57344K, 98% used [0x000000076ab00000,0x000000076e246e48,0x000000076e300000)
  from space 9216K, 99% used [0x000000076e400000,0x000000076ecf24f0,0x000000076ed00000)
  to   space 29696K, 0% used [0x0000000770000000,0x0000000770000000,0x0000000771d00000)
 ParOldGen       total 175104K, used 65521K [0x00000006c0000000, 0x00000006cab00000, 0x000000076ab00000)
  object space 175104K, 37% used [0x00000006c0000000,0x00000006c3ffc6c0,0x00000006cab00000)
 Metaspace       used 21583K, capacity 21834K, committed 22400K, reserved 1069056K
  class space    used 2507K, capacity 2571K, committed 2688K, reserved 1048576K
Event: 827625.957 GC heap after
Heap after GC invocations=16 (full 2):
 PSYoungGen      total 86016K, used 19018K [0x000000076ab00000, 0x0000000771d00000, 0x00000007c0000000)
  eden space 56320K, 0% used [0x000000076ab00000,0x000000076ab00000,0x000000076e200000)
  from space 29696K, 64% used [0x0000000770000000,0x0000000771292890,0x0000000771d00000)
  to   space 30208K, 0% used [0x000000076e200000,0x000000076e200000,0x000000076ff80000)
 ParOldGen       total 175104K, used 65609K [0x00000006c0000000, 0x00000006cab00000, 0x000000076ab00000)
  object space 175104K, 37% used [0x00000006c0000000,0x00000006c40126c0,0x00000006cab00000)
 Metaspace       used 21583K, capacity 21834K, committed 22400K, reserved 1069056K
  class space    used 2507K, capacity 2571K, committed 2688K, reserved 1048576K
}

