# JRE version: Java(TM) SE Runtime Environment (8.0_121-b13) (build 1.8.0_121-b13)
# Java VM: Java HotSpot(TM) 64-Bit Server VM (25.121-b13 mixed mode bsd-amd64 compressed oops)
Heap:
 PSYoungGen      total 54784K, used 3685K [0x000000076ab00000, 0x000000076fb80000, 0x00000007c0000000)
  eden space 30208K, 12% used [0x000000076ab00000,0x000000076ae99410,0x000000076c880000)
  from space 24576K, 0% used [0x000000076c880000,0x000000076c880000,0x000000076e080000)
  to   space 26112K, 0% used [0x000000076e200000,0x000000076e200000,0x000000076fb80000)
 ParOldGen       total 95744K, used 20794K [0x00000006c0000000, 0x00000006c5d80000, 0x000000076ab00000)
  object space 95744K, 21% used [0x00000006c0000000,0x00000006c144e830,0x00000006c5d80000)
 Metaspace       used 20717K, capacity 20932K, committed 21248K, reserved 1069056K
  class space    used 2452K, capacity 2528K, committed 2560K, reserved 1048576K
GC Heap History (10 events):
Event: 43633.599 GC heap before
{Heap before GC invocations=50 (full 2):
 PSYoungGen      total 45056K, used 44092K [0x000000076ab00000, 0x000000076fb80000, 0x00000007c0000000)
  eden space 31232K, 98% used [0x000000076ab00000,0x000000076c8f2a70,0x000000076c980000)
  from space 13824K, 97% used [0x000000076c980000,0x000000076d69c8d8,0x000000076d700000)
  to   space 25600K, 0% used [0x000000076e280000,0x000000076e280000,0x000000076fb80000)
 ParOldGen       total 175104K, used 155823K [0x00000006c0000000, 0x00000006cab00000, 0x000000076ab00000)
  object space 175104K, 88% used [0x00000006c0000000,0x00000006c982bff8,0x00000006cab00000)
 Metaspace       used 20717K, capacity 20950K, committed 21248K, reserved 1069056K
  class space    used 2456K, capacity 2535K, committed 2560K, reserved 1048576K
Event: 43633.613 GC heap after
Heap after GC invocations=50 (full 2):
 PSYoungGen      total 54784K, used 12006K [0x000000076ab00000, 0x000000076f980000, 0x00000007c0000000)
  eden space 31232K, 0% used [0x000000076ab00000,0x000000076ab00000,0x000000076c980000)
  from space 23552K, 50% used [0x000000076e280000,0x000000076ee399e8,0x000000076f980000)
  to   space 24576K, 0% used [0x000000076c980000,0x000000076c980000,0x000000076e180000)
 ParOldGen       total 175104K, used 162858K [0x00000006c0000000, 0x00000006cab00000, 0x000000076ab00000)
  object space 175104K, 93% used [0x00000006c0000000,0x00000006c9f0ab20,0x00000006cab00000)
 Metaspace       used 20717K, capacity 20950K, committed 21248K, reserved 1069056K
  class space    used 2456K, capacity 2535K, committed 2560K, reserved 1048576K
}
Event: 43651.040 GC heap before
{Heap before GC invocations=51 (full 2):
 PSYoungGen      total 54784K, used 42742K [0x000000076ab00000, 0x000000076f980000, 0x00000007c0000000)
  eden space 31232K, 98% used [0x000000076ab00000,0x000000076c903ff0,0x000000076c980000)
  from space 23552K, 50% used [0x000000076e280000,0x000000076ee399e8,0x000000076f980000)
  to   space 24576K, 0% used [0x000000076c980000,0x000000076c980000,0x000000076e180000)
 ParOldGen       total 175104K, used 162858K [0x00000006c0000000, 0x00000006cab00000, 0x000000076ab00000)
  object space 175104K, 93% used [0x00000006c0000000,0x00000006c9f0ab20,0x00000006cab00000)
 Metaspace       used 20727K, capacity 20950K, committed 21248K, reserved 1069056K
  class space    used 2456K, capacity 2535K, committed 2560K, reserved 1048576K
Event: 43651.054 GC heap after
Heap after GC invocations=51 (full 2):
 PSYoungGen      total 45568K, used 14022K [0x000000076ab00000, 0x000000076f780000, 0x00000007c0000000)
  eden space 31232K, 0% used [0x000000076ab00000,0x000000076ab00000,0x000000076c980000)
  from space 14336K, 97% used [0x000000076c980000,0x000000076d7319b8,0x000000076d780000)
  to   space 23552K, 0% used [0x000000076e080000,0x000000076e080000,0x000000076f780000)
 ParOldGen       total 175104K, used 162968K [0x00000006c0000000, 0x00000006cab00000, 0x000000076ab00000)
  object space 175104K, 93% used [0x00000006c0000000,0x00000006c9f260f0,0x00000006cab00000)
 Metaspace       used 20727K, capacity 20950K, committed 21248K, reserved 1069056K
  class space    used 2456K, capacity 2535K, committed 2560K, reserved 1048576K
}
Event: 43656.314 GC heap before
{Heap before GC invocations=52 (full 2):
 PSYoungGen      total 45568K, used 42355K [0x000000076ab00000, 0x000000076f780000, 0x00000007c0000000)
  eden space 31232K, 90% used [0x000000076ab00000,0x000000076c6ab248,0x000000076c980000)
  from space 14336K, 97% used [0x000000076c980000,0x000000076d7319b8,0x000000076d780000)
  to   space 23552K, 0% used [0x000000076e080000,0x000000076e080000,0x000000076f780000)
 ParOldGen       total 175104K, used 162968K [0x00000006c0000000, 0x00000006cab00000, 0x000000076ab00000)
  object space 175104K, 93% used [0x00000006c0000000,0x00000006c9f260f0,0x00000006cab00000)
 Metaspace       used 20727K, capacity 20950K, committed 21248K, reserved 1069056K
  class space    used 2456K, capacity 2535K, committed 2560K, reserved 1048576K
Event: 43656.318 GC heap after
Heap after GC invocations=52 (full 2):
 PSYoungGen      total 53760K, used 19274K [0x000000076ab00000, 0x000000076f980000, 0x00000007c0000000)
  eden space 30208K, 0% used [0x000000076ab00000,0x000000076ab00000,0x000000076c880000)
  from space 23552K, 81% used [0x000000076e080000,0x000000076f352858,0x000000076f780000)
  to   space 24576K, 0% used [0x000000076c880000,0x000000076c880000,0x000000076e080000)
 ParOldGen       total 175104K, used 163000K [0x00000006c0000000, 0x00000006cab00000, 0x000000076ab00000)
  object space 175104K, 93% used [0x00000006c0000000,0x00000006c9f2e0f0,0x00000006cab00000)
 Metaspace       used 20727K, capacity 20950K, committed 21248K, reserved 1069056K
  class space    used 2456K, capacity 2535K, committed 2560K, reserved 1048576K
}
Event: 43664.443 GC heap before
{Heap before GC invocations=53 (full 2):
 PSYoungGen      total 53760K, used 47459K [0x000000076ab00000, 0x000000076f980000, 0x00000007c0000000)
  eden space 30208K, 93% used [0x000000076ab00000,0x000000076c686500,0x000000076c880000)
  from space 23552K, 81% used [0x000000076e080000,0x000000076f352858,0x000000076f780000)
  to   space 24576K, 0% used [0x000000076c880000,0x000000076c880000,0x000000076e080000)
 ParOldGen       total 175104K, used 163000K [0x00000006c0000000, 0x00000006cab00000, 0x000000076ab00000)
  object space 175104K, 93% used [0x00000006c0000000,0x00000006c9f2e0f0,0x00000006cab00000)
 Metaspace       used 20729K, capacity 20950K, committed 21248K, reserved 1069056K
  class space    used 2456K, capacity 2535K, committed 2560K, reserved 1048576K
Event: 43664.449 GC heap after
Heap after GC invocations=53 (full 2):
 PSYoungGen      total 54784K, used 20293K [0x000000076ab00000, 0x000000076fb80000, 0x00000007c0000000)
  eden space 30208K, 0% used [0x000000076ab00000,0x000000076ab00000,0x000000076c880000)
  from space 24576K, 82% used [0x000000076c880000,0x000000076dc51598,0x000000076e080000)
  to   space 26112K, 0% used [0x000000076e200000,0x000000076e200000,0x000000076fb80000)
 ParOldGen       total 175104K, used 169999K [0x00000006c0000000, 0x00000006cab00000, 0x000000076ab00000)
  object space 175104K, 97% used [0x00000006c0000000,0x00000006ca603e50,0x00000006cab00000)
 Metaspace       used 20729K, capacity 20950K, committed 21248K, reserved 1069056K
  class space    used 2456K, capacity 2535K, committed 2560K, reserved 1048576K
}
Event: 43664.449 GC heap before
{Heap before GC invocations=54 (full 3):
 PSYoungGen      total 54784K, used 20293K [0x000000076ab00000, 0x000000076fb80000, 0x00000007c0000000)
  eden space 30208K, 0% used [0x000000076ab00000,0x000000076ab00000,0x000000076c880000)
  from space 24576K, 82% used [0x000000076c880000,0x000000076dc51598,0x000000076e080000)
  to   space 26112K, 0% used [0x000000076e200000,0x000000076e200000,0x000000076fb80000)
 ParOldGen       total 175104K, used 169999K [0x00000006c0000000, 0x00000006cab00000, 0x000000076ab00000)
  object space 175104K, 97% used [0x00000006c0000000,0x00000006ca603e50,0x00000006cab00000)
 Metaspace       used 20729K, capacity 20950K, committed 21248K, reserved 1069056K
  class space    used 2456K, capacity 2535K, committed 2560K, reserved 1048576K
Event: 43664.587 GC heap after
Heap after GC invocations=54 (full 3):
 PSYoungGen      total 54784K, used 0K [0x000000076ab00000, 0x000000076fb80000, 0x00000007c0000000)
  eden space 30208K, 0% used [0x000000076ab00000,0x000000076ab00000,0x000000076c880000)
  from space 24576K, 0% used [0x000000076c880000,0x000000076c880000,0x000000076e080000)
  to   space 26112K, 0% used [0x000000076e200000,0x000000076e200000,0x000000076fb80000)
 ParOldGen       total 95744K, used 20794K [0x00000006c0000000, 0x00000006c5d80000, 0x000000076ab00000)
  object space 95744K, 21% used [0x00000006c0000000,0x00000006c144e830,0x00000006c5d80000)
 Metaspace       used 20717K, capacity 20932K, committed 21248K, reserved 1069056K
  class space    used 2452K, capacity 2528K, committed 2560K, reserved 1048576K
}

