# JRE version: Java(TM) SE Runtime Environment (8.0_121-b13) (build 1.8.0_121-b13)
# Java VM: Java HotSpot(TM) 64-Bit Server VM (25.121-b13 mixed mode bsd-amd64 compressed oops)
Heap:
 PSYoungGen      total 76288K, used 18076K [0x000000076ab00000, 0x0000000770000000, 0x00000007c0000000)
  eden space 65536K, 11% used [0x000000076ab00000,0x000000076b227da0,0x000000076eb00000)
  from space 10752K, 99% used [0x000000076f580000,0x000000076ffff3c8,0x0000000770000000)
  to   space 10752K, 0% used [0x000000076eb00000,0x000000076eb00000,0x000000076f580000)
 ParOldGen       total 175104K, used 38702K [0x00000006c0000000, 0x00000006cab00000, 0x000000076ab00000)
  object space 175104K, 22% used [0x00000006c0000000,0x00000006c25cbbd0,0x00000006cab00000)
 Metaspace       used 19046K, capacity 19300K, committed 19840K, reserved 1067008K
  class space    used 2282K, capacity 2348K, committed 2432K, reserved 1048576K
GC Heap History (10 events):
Event: 66.712 GC heap before
{Heap before GC invocations=4 (full 2):
 PSYoungGen      total 76288K, used 10751K [0x000000076ab00000, 0x0000000770000000, 0x00000007c0000000)
  eden space 65536K, 0% used [0x000000076ab00000,0x000000076ab00000,0x000000076eb00000)
  from space 10752K, 99% used [0x000000076f580000,0x000000076ffffc48,0x0000000770000000)
  to   space 10752K, 0% used [0x000000076eb00000,0x000000076eb00000,0x000000076f580000)
 ParOldGen       total 175104K, used 13557K [0x00000006c0000000, 0x00000006cab00000, 0x000000076ab00000)
  object space 175104K, 7% used [0x00000006c0000000,0x00000006c0d3d700,0x00000006cab00000)
 Metaspace       used 17858K, capacity 18120K, committed 18560K, reserved 1064960K
  class space    used 2250K, capacity 2342K, committed 2432K, reserved 1048576K
Event: 66.748 GC heap after
Heap after GC invocations=4 (full 2):
 PSYoungGen      total 76288K, used 0K [0x000000076ab00000, 0x0000000770000000, 0x00000007c0000000)
  eden space 65536K, 0% used [0x000000076ab00000,0x000000076ab00000,0x000000076eb00000)
  from space 10752K, 0% used [0x000000076f580000,0x000000076f580000,0x0000000770000000)
  to   space 10752K, 0% used [0x000000076eb00000,0x000000076eb00000,0x000000076f580000)
 ParOldGen       total 175104K, used 13451K [0x00000006c0000000, 0x00000006cab00000, 0x000000076ab00000)
  object space 175104K, 7% used [0x00000006c0000000,0x00000006c0d22fc0,0x00000006cab00000)
 Metaspace       used 17858K, capacity 18120K, committed 18560K, reserved 1064960K
  class space    used 2250K, capacity 2342K, committed 2432K, reserved 1048576K
}
Event: 2537.806 GC heap before
{Heap before GC invocations=5 (full 2):
 PSYoungGen      total 76288K, used 65536K [0x000000076ab00000, 0x0000000770000000, 0x00000007c0000000)
  eden space 65536K, 100% used [0x000000076ab00000,0x000000076eb00000,0x000000076eb00000)
  from space 10752K, 0% used [0x000000076f580000,0x000000076f580000,0x0000000770000000)
  to   space 10752K, 0% used [0x000000076eb00000,0x000000076eb00000,0x000000076f580000)
 ParOldGen       total 175104K, used 13451K [0x00000006c0000000, 0x00000006cab00000, 0x000000076ab00000)
  object space 175104K, 7% used [0x00000006c0000000,0x00000006c0d22fc0,0x00000006cab00000)
 Metaspace       used 18750K, capacity 19044K, committed 19584K, reserved 1067008K
  class space    used 2277K, capacity 2348K, committed 2432K, reserved 1048576K
Event: 2537.814 GC heap after
Heap after GC invocations=5 (full 2):
 PSYoungGen      total 76288K, used 7394K [0x000000076ab00000, 0x0000000770000000, 0x00000007c0000000)
  eden space 65536K, 0% used [0x000000076ab00000,0x000000076ab00000,0x000000076eb00000)
  from space 10752K, 68% used [0x000000076eb00000,0x000000076f2389f8,0x000000076f580000)
  to   space 10752K, 0% used [0x000000076f580000,0x000000076f580000,0x0000000770000000)
 ParOldGen       total 175104K, used 31929K [0x00000006c0000000, 0x00000006cab00000, 0x000000076ab00000)
  object space 175104K, 18% used [0x00000006c0000000,0x00000006c1f2e530,0x00000006cab00000)
 Metaspace       used 18750K, capacity 19044K, committed 19584K, reserved 1067008K
  class space    used 2277K, capacity 2348K, committed 2432K, reserved 1048576K
}
Event: 4856.865 GC heap before
{Heap before GC invocations=6 (full 2):
 PSYoungGen      total 76288K, used 72930K [0x000000076ab00000, 0x0000000770000000, 0x00000007c0000000)
  eden space 65536K, 100% used [0x000000076ab00000,0x000000076eb00000,0x000000076eb00000)
  from space 10752K, 68% used [0x000000076eb00000,0x000000076f2389f8,0x000000076f580000)
  to   space 10752K, 0% used [0x000000076f580000,0x000000076f580000,0x0000000770000000)
 ParOldGen       total 175104K, used 31929K [0x00000006c0000000, 0x00000006cab00000, 0x000000076ab00000)
  object space 175104K, 18% used [0x00000006c0000000,0x00000006c1f2e530,0x00000006cab00000)
 Metaspace       used 18944K, capacity 19236K, committed 19584K, reserved 1067008K
  class space    used 2278K, capacity 2348K, committed 2432K, reserved 1048576K
Event: 4856.868 GC heap after
Heap after GC invocations=6 (full 2):
 PSYoungGen      total 76288K, used 10741K [0x000000076ab00000, 0x0000000770000000, 0x00000007c0000000)
  eden space 65536K, 0% used [0x000000076ab00000,0x000000076ab00000,0x000000076eb00000)
  from space 10752K, 99% used [0x000000076f580000,0x000000076fffd580,0x0000000770000000)
  to   space 10752K, 0% used [0x000000076eb00000,0x000000076eb00000,0x000000076f580000)
 ParOldGen       total 175104K, used 35544K [0x00000006c0000000, 0x00000006cab00000, 0x000000076ab00000)
  object space 175104K, 20% used [0x00000006c0000000,0x00000006c22b6118,0x00000006cab00000)
 Metaspace       used 18944K, capacity 19236K, committed 19584K, reserved 1067008K
  class space    used 2278K, capacity 2348K, committed 2432K, reserved 1048576K
}
Event: 4955.427 GC heap before
{Heap before GC invocations=7 (full 2):
 PSYoungGen      total 76288K, used 76277K [0x000000076ab00000, 0x0000000770000000, 0x00000007c0000000)
  eden space 65536K, 100% used [0x000000076ab00000,0x000000076eb00000,0x000000076eb00000)
  from space 10752K, 99% used [0x000000076f580000,0x000000076fffd580,0x0000000770000000)
  to   space 10752K, 0% used [0x000000076eb00000,0x000000076eb00000,0x000000076f580000)
 ParOldGen       total 175104K, used 35544K [0x00000006c0000000, 0x00000006cab00000, 0x000000076ab00000)
  object space 175104K, 20% used [0x00000006c0000000,0x00000006c22b6118,0x00000006cab00000)
 Metaspace       used 18999K, capacity 19236K, committed 19584K, reserved 1067008K
  class space    used 2278K, capacity 2348K, committed 2432K, reserved 1048576K
Event: 4955.431 GC heap after
Heap after GC invocations=7 (full 2):
 PSYoungGen      total 76288K, used 10736K [0x000000076ab00000, 0x0000000770000000, 0x00000007c0000000)
  eden space 65536K, 0% used [0x000000076ab00000,0x000000076ab00000,0x000000076eb00000)
  from space 10752K, 99% used [0x000000076eb00000,0x000000076f57c328,0x000000076f580000)
  to   space 10752K, 0% used [0x000000076f580000,0x000000076f580000,0x0000000770000000)
 ParOldGen       total 175104K, used 38238K [0x00000006c0000000, 0x00000006cab00000, 0x000000076ab00000)
  object space 175104K, 21% used [0x00000006c0000000,0x00000006c2557bd0,0x00000006cab00000)
 Metaspace       used 18999K, capacity 19236K, committed 19584K, reserved 1067008K
  class space    used 2278K, capacity 2348K, committed 2432K, reserved 1048576K
}
Event: 181792.306 GC heap before
{Heap before GC invocations=8 (full 2):
 PSYoungGen      total 76288K, used 71515K [0x000000076ab00000, 0x0000000770000000, 0x00000007c0000000)
  eden space 65536K, 92% used [0x000000076ab00000,0x000000076e65abb8,0x000000076eb00000)
  from space 10752K, 99% used [0x000000076eb00000,0x000000076f57c328,0x000000076f580000)
  to   space 10752K, 0% used [0x000000076f580000,0x000000076f580000,0x0000000770000000)
 ParOldGen       total 175104K, used 38238K [0x00000006c0000000, 0x00000006cab00000, 0x000000076ab00000)
  object space 175104K, 21% used [0x00000006c0000000,0x00000006c2557bd0,0x00000006cab00000)
 Metaspace       used 19046K, capacity 19300K, committed 19840K, reserved 1067008K
  class space    used 2282K, capacity 2348K, committed 2432K, reserved 1048576K
Event: 181792.345 GC heap after
Heap after GC invocations=8 (full 2):
 PSYoungGen      total 76288K, used 10748K [0x000000076ab00000, 0x0000000770000000, 0x00000007c0000000)
  eden space 65536K, 0% used [0x000000076ab00000,0x000000076ab00000,0x000000076eb00000)
  from space 10752K, 99% used [0x000000076f580000,0x000000076ffff3c8,0x0000000770000000)
  to   space 10752K, 0% used [0x000000076eb00000,0x000000076eb00000,0x000000076f580000)
 ParOldGen       total 175104K, used 38702K [0x00000006c0000000, 0x00000006cab00000, 0x000000076ab00000)
  object space 175104K, 22% used [0x00000006c0000000,0x00000006c25cbbd0,0x00000006cab00000)
 Metaspace       used 19046K, capacity 19300K, committed 19840K, reserved 1067008K
  class space    used 2282K, capacity 2348K, committed 2432K, reserved 1048576K
}

