# JRE version: Java(TM) SE Runtime Environment (8.0_121-b13) (build 1.8.0_121-b13)
# Java VM: Java HotSpot(TM) 64-Bit Server VM (25.121-b13 mixed mode bsd-amd64 compressed oops)
Heap:
 PSYoungGen      total 85504K, used 25695K [0x000000076ab00000, 0x0000000772100000, 0x00000007c0000000)
  eden space 55296K, 2% used [0x000000076ab00000,0x000000076ac15ae0,0x000000076e100000)
  from space 30208K, 81% used [0x0000000770080000,0x0000000771882290,0x0000000771e00000)
  to   space 32256K, 0% used [0x000000076e100000,0x000000076e100000,0x0000000770080000)
 ParOldGen       total 175104K, used 71663K [0x00000006c0000000, 0x00000006cab00000, 0x000000076ab00000)
  object space 175104K, 40% used [0x00000006c0000000,0x00000006c45fbef8,0x00000006cab00000)
 Metaspace       used 21409K, capacity 21692K, committed 22144K, reserved 1069056K
  class space    used 2514K, capacity 2606K, committed 2688K, reserved 1048576K
GC Heap History (10 events):
Event: 463095.852 GC heap before
{Heap before GC invocations=12 (full 2):
 PSYoungGen      total 87552K, used 85308K [0x000000076ab00000, 0x0000000772000000, 0x00000007c0000000)
  eden space 61440K, 100% used [0x000000076ab00000,0x000000076e700000,0x000000076e700000)
  from space 26112K, 91% used [0x000000076e800000,0x000000076ff4f260,0x0000000770180000)
  to   space 29184K, 0% used [0x0000000770380000,0x0000000770380000,0x0000000772000000)
 ParOldGen       total 175104K, used 69467K [0x00000006c0000000, 0x00000006cab00000, 0x000000076ab00000)
  object space 175104K, 39% used [0x00000006c0000000,0x00000006c43d6e98,0x00000006cab00000)
 Metaspace       used 20752K, capacity 20974K, committed 21248K, reserved 1069056K
  class space    used 2449K, capacity 2539K, committed 2560K, reserved 1048576K
Event: 463095.857 GC heap after
Heap after GC invocations=12 (full 2):
 PSYoungGen      total 88576K, used 6258K [0x000000076ab00000, 0x0000000771f00000, 0x00000007c0000000)
  eden space 60416K, 0% used [0x000000076ab00000,0x000000076ab00000,0x000000076e600000)
  from space 28160K, 22% used [0x0000000770380000,0x000000077099cb80,0x0000000771f00000)
  to   space 29184K, 0% used [0x000000076e600000,0x000000076e600000,0x0000000770280000)
 ParOldGen       total 175104K, used 69803K [0x00000006c0000000, 0x00000006cab00000, 0x000000076ab00000)
  object space 175104K, 39% used [0x00000006c0000000,0x00000006c442aee8,0x00000006cab00000)
 Metaspace       used 20752K, capacity 20974K, committed 21248K, reserved 1069056K
  class space    used 2449K, capacity 2539K, committed 2560K, reserved 1048576K
}
Event: 613565.162 GC heap before
{Heap before GC invocations=13 (full 2):
 PSYoungGen      total 88576K, used 66674K [0x000000076ab00000, 0x0000000771f00000, 0x00000007c0000000)
  eden space 60416K, 100% used [0x000000076ab00000,0x000000076e600000,0x000000076e600000)
  from space 28160K, 22% used [0x0000000770380000,0x000000077099cb80,0x0000000771f00000)
  to   space 29184K, 0% used [0x000000076e600000,0x000000076e600000,0x0000000770280000)
 ParOldGen       total 175104K, used 69803K [0x00000006c0000000, 0x00000006cab00000, 0x000000076ab00000)
  object space 175104K, 39% used [0x00000006c0000000,0x00000006c442aee8,0x00000006cab00000)
 Metaspace       used 20757K, capacity 20974K, committed 21248K, reserved 1069056K
  class space    used 2449K, capacity 2539K, committed 2560K, reserved 1048576K
Event: 613565.177 GC heap after
Heap after GC invocations=13 (full 2):
 PSYoungGen      total 77312K, used 17838K [0x000000076ab00000, 0x0000000771e00000, 0x00000007c0000000)
  eden space 59392K, 0% used [0x000000076ab00000,0x000000076ab00000,0x000000076e500000)
  from space 17920K, 99% used [0x000000076e600000,0x000000076f76b860,0x000000076f780000)
  to   space 29184K, 0% used [0x0000000770180000,0x0000000770180000,0x0000000771e00000)
 ParOldGen       total 175104K, used 70451K [0x00000006c0000000, 0x00000006cab00000, 0x000000076ab00000)
  object space 175104K, 40% used [0x00000006c0000000,0x00000006c44ccee8,0x00000006cab00000)
 Metaspace       used 20757K, capacity 20974K, committed 21248K, reserved 1069056K
  class space    used 2449K, capacity 2539K, committed 2560K, reserved 1048576K
}
Event: 643932.044 GC heap before
{Heap before GC invocations=14 (full 2):
 PSYoungGen      total 77312K, used 74347K [0x000000076ab00000, 0x0000000771e00000, 0x00000007c0000000)
  eden space 59392K, 95% used [0x000000076ab00000,0x000000076e22f6a0,0x000000076e500000)
  from space 17920K, 99% used [0x000000076e600000,0x000000076f76b860,0x000000076f780000)
  to   space 29184K, 0% used [0x0000000770180000,0x0000000770180000,0x0000000771e00000)
 ParOldGen       total 175104K, used 70451K [0x00000006c0000000, 0x00000006cab00000, 0x000000076ab00000)
  object space 175104K, 40% used [0x00000006c0000000,0x00000006c44ccee8,0x00000006cab00000)
 Metaspace       used 21091K, capacity 21326K, committed 21632K, reserved 1069056K
  class space    used 2482K, capacity 2571K, committed 2688K, reserved 1048576K
Event: 643932.062 GC heap after
Heap after GC invocations=14 (full 2):
 PSYoungGen      total 84480K, used 15983K [0x000000076ab00000, 0x0000000771b00000, 0x00000007c0000000)
  eden space 58368K, 0% used [0x000000076ab00000,0x000000076ab00000,0x000000076e400000)
  from space 26112K, 61% used [0x0000000770180000,0x000000077111bcf0,0x0000000771b00000)
  to   space 28160K, 0% used [0x000000076e400000,0x000000076e400000,0x000000076ff80000)
 ParOldGen       total 175104K, used 70887K [0x00000006c0000000, 0x00000006cab00000, 0x000000076ab00000)
  object space 175104K, 40% used [0x00000006c0000000,0x00000006c4539ef8,0x00000006cab00000)
 Metaspace       used 21091K, capacity 21326K, committed 21632K, reserved 1069056K
  class space    used 2482K, capacity 2571K, committed 2688K, reserved 1048576K
}
Event: 709824.725 GC heap before
{Heap before GC invocations=15 (full 2):
 PSYoungGen      total 84480K, used 74351K [0x000000076ab00000, 0x0000000771b00000, 0x00000007c0000000)
  eden space 58368K, 100% used [0x000000076ab00000,0x000000076e400000,0x000000076e400000)
  from space 26112K, 61% used [0x0000000770180000,0x000000077111bcf0,0x0000000771b00000)
  to   space 28160K, 0% used [0x000000076e400000,0x000000076e400000,0x000000076ff80000)
 ParOldGen       total 175104K, used 70887K [0x00000006c0000000, 0x00000006cab00000, 0x000000076ab00000)
  object space 175104K, 40% used [0x00000006c0000000,0x00000006c4539ef8,0x00000006cab00000)
 Metaspace       used 21105K, capacity 21326K, committed 21632K, reserved 1069056K
  class space    used 2483K, capacity 2571K, committed 2688K, reserved 1048576K
Event: 709824.740 GC heap after
Heap after GC invocations=15 (full 2):
 PSYoungGen      total 85504K, used 23993K [0x000000076ab00000, 0x0000000771e00000, 0x00000007c0000000)
  eden space 57344K, 0% used [0x000000076ab00000,0x000000076ab00000,0x000000076e300000)
  from space 28160K, 85% used [0x000000076e400000,0x000000076fb6e6c0,0x000000076ff80000)
  to   space 30208K, 0% used [0x0000000770080000,0x0000000770080000,0x0000000771e00000)
 ParOldGen       total 175104K, used 71439K [0x00000006c0000000, 0x00000006cab00000, 0x000000076ab00000)
  object space 175104K, 40% used [0x00000006c0000000,0x00000006c45c3ef8,0x00000006cab00000)
 Metaspace       used 21105K, capacity 21326K, committed 21632K, reserved 1069056K
  class space    used 2483K, capacity 2571K, committed 2688K, reserved 1048576K
}
Event: 1054986.703 GC heap before
{Heap before GC invocations=16 (full 2):
 PSYoungGen      total 85504K, used 81337K [0x000000076ab00000, 0x0000000771e00000, 0x00000007c0000000)
  eden space 57344K, 100% used [0x000000076ab00000,0x000000076e300000,0x000000076e300000)
  from space 28160K, 85% used [0x000000076e400000,0x000000076fb6e6c0,0x000000076ff80000)
  to   space 30208K, 0% used [0x0000000770080000,0x0000000770080000,0x0000000771e00000)
 ParOldGen       total 175104K, used 71439K [0x00000006c0000000, 0x00000006cab00000, 0x000000076ab00000)
  object space 175104K, 40% used [0x00000006c0000000,0x00000006c45c3ef8,0x00000006cab00000)
 Metaspace       used 21403K, capacity 21628K, committed 22144K, reserved 1069056K
  class space    used 2514K, capacity 2606K, committed 2688K, reserved 1048576K
Event: 1054986.748 GC heap after
Heap after GC invocations=16 (full 2):
 PSYoungGen      total 85504K, used 24584K [0x000000076ab00000, 0x0000000772100000, 0x00000007c0000000)
  eden space 55296K, 0% used [0x000000076ab00000,0x000000076ab00000,0x000000076e100000)
  from space 30208K, 81% used [0x0000000770080000,0x0000000771882290,0x0000000771e00000)
  to   space 32256K, 0% used [0x000000076e100000,0x000000076e100000,0x0000000770080000)
 ParOldGen       total 175104K, used 71663K [0x00000006c0000000, 0x00000006cab00000, 0x000000076ab00000)
  object space 175104K, 40% used [0x00000006c0000000,0x00000006c45fbef8,0x00000006cab00000)
 Metaspace       used 21403K, capacity 21628K, committed 22144K, reserved 1069056K
  class space    used 2514K, capacity 2606K, committed 2688K, reserved 1048576K
}

