# JRE version: Java(TM) SE Runtime Environment (7.0_71-b14) (build 1.7.0_71-b14)
# Java VM: Java HotSpot(TM) 64-Bit Server VM (24.71-b01 mixed mode bsd-amd64 compressed oops)
Heap
 PSYoungGen      total 578560K, used 148842K [0x00000007d5500000, 0x0000000800000000, 0x0000000800000000)
  eden space 464896K, 32% used [0x00000007d5500000,0x00000007de65a910,0x00000007f1b00000)
  from space 113664K, 0% used [0x00000007f9100000,0x00000007f9100000,0x0000000800000000)
  to   space 117248K, 0% used [0x00000007f1b00000,0x00000007f1b00000,0x00000007f8d80000)
 ParOldGen       total 242176K, used 120164K [0x0000000780000000, 0x000000078ec80000, 0x00000007d5500000)
  object space 242176K, 49% used [0x0000000780000000,0x00000007875593f0,0x000000078ec80000)
 PSPermGen       total 22016K, used 21312K [0x000000077ae00000, 0x000000077c380000, 0x0000000780000000)
  object space 22016K, 96% used [0x000000077ae00000,0x000000077c2d00c0,0x000000077c380000)
GC Heap History (10 events):
Event: 298005.895 GC heap before
{Heap before GC invocations=417 (full 33):
 PSYoungGen      total 573440K, used 522152K [0x00000007d5500000, 0x00000007ffa80000, 0x0000000800000000)
  eden space 458240K, 100% used [0x00000007d5500000,0x00000007f1480000,0x00000007f1480000)
  from space 115200K, 55% used [0x00000007f8a00000,0x00000007fc86a068,0x00000007ffa80000)
  to   space 117760K, 0% used [0x00000007f1480000,0x00000007f1480000,0x00000007f8780000)
 ParOldGen       total 222208K, used 134600K [0x0000000780000000, 0x000000078d900000, 0x00000007d5500000)
  object space 222208K, 60% used [0x0000000780000000,0x00000007883721f8,0x000000078d900000)
 PSPermGen       total 22016K, used 21312K [0x000000077ae00000, 0x000000077c380000, 0x0000000780000000)
  object space 22016K, 96% used [0x000000077ae00000,0x000000077c2d0160,0x000000077c380000)
Event: 298005.909 GC heap after
Heap after GC invocations=417 (full 33):
 PSYoungGen      total 576000K, used 67826K [0x00000007d5500000, 0x00000007fff80000, 0x0000000800000000)
  eden space 458240K, 0% used [0x00000007d5500000,0x00000007d5500000,0x00000007f1480000)
  from space 117760K, 57% used [0x00000007f1480000,0x00000007f56bc818,0x00000007f8780000)
  to   space 116224K, 0% used [0x00000007f8e00000,0x00000007f8e00000,0x00000007fff80000)
 ParOldGen       total 222208K, used 134600K [0x0000000780000000, 0x000000078d900000, 0x00000007d5500000)
  object space 222208K, 60% used [0x0000000780000000,0x00000007883721f8,0x000000078d900000)
 PSPermGen       total 22016K, used 21312K [0x000000077ae00000, 0x000000077c380000, 0x0000000780000000)
  object space 22016K, 96% used [0x000000077ae00000,0x000000077c2d0160,0x000000077c380000)
}
Event: 298006.577 GC heap before
{Heap before GC invocations=418 (full 33):
 PSYoungGen      total 576000K, used 526066K [0x00000007d5500000, 0x00000007fff80000, 0x0000000800000000)
  eden space 458240K, 100% used [0x00000007d5500000,0x00000007f1480000,0x00000007f1480000)
  from space 117760K, 57% used [0x00000007f1480000,0x00000007f56bc818,0x00000007f8780000)
  to   space 116224K, 0% used [0x00000007f8e00000,0x00000007f8e00000,0x00000007fff80000)
 ParOldGen       total 222208K, used 134600K [0x0000000780000000, 0x000000078d900000, 0x00000007d5500000)
  object space 222208K, 60% used [0x0000000780000000,0x00000007883721f8,0x000000078d900000)
 PSPermGen       total 22016K, used 21312K [0x000000077ae00000, 0x000000077c380000, 0x0000000780000000)
  object space 22016K, 96% used [0x000000077ae00000,0x000000077c2d0160,0x000000077c380000)
Event: 298006.591 GC heap after
Heap after GC invocations=418 (full 33):
 PSYoungGen      total 576512K, used 67850K [0x00000007d5500000, 0x00000007ffa80000, 0x0000000800000000)
  eden space 465408K, 0% used [0x00000007d5500000,0x00000007d5500000,0x00000007f1b80000)
  from space 111104K, 61% used [0x00000007f8e00000,0x00000007fd042a60,0x00000007ffa80000)
  to   space 114176K, 0% used [0x00000007f1b80000,0x00000007f1b80000,0x00000007f8b00000)
 ParOldGen       total 222208K, used 134600K [0x0000000780000000, 0x000000078d900000, 0x00000007d5500000)
  object space 222208K, 60% used [0x0000000780000000,0x00000007883721f8,0x000000078d900000)
 PSPermGen       total 22016K, used 21312K [0x000000077ae00000, 0x000000077c380000, 0x0000000780000000)
  object space 22016K, 96% used [0x000000077ae00000,0x000000077c2d0160,0x000000077c380000)
}
Event: 298007.269 GC heap before
{Heap before GC invocations=419 (full 33):
 PSYoungGen      total 576512K, used 533258K [0x00000007d5500000, 0x00000007ffa80000, 0x0000000800000000)
  eden space 465408K, 100% used [0x00000007d5500000,0x00000007f1b80000,0x00000007f1b80000)
  from space 111104K, 61% used [0x00000007f8e00000,0x00000007fd042a60,0x00000007ffa80000)
  to   space 114176K, 0% used [0x00000007f1b80000,0x00000007f1b80000,0x00000007f8b00000)
 ParOldGen       total 222208K, used 134600K [0x0000000780000000, 0x000000078d900000, 0x00000007d5500000)
  object space 222208K, 60% used [0x0000000780000000,0x00000007883721f8,0x000000078d900000)
 PSPermGen       total 22016K, used 21312K [0x000000077ae00000, 0x000000077c380000, 0x0000000780000000)
  object space 22016K, 96% used [0x000000077ae00000,0x000000077c2d0160,0x000000077c380000)
Event: 298007.284 GC heap after
Heap after GC invocations=419 (full 33):
 PSYoungGen      total 579584K, used 71668K [0x00000007d5500000, 0x0000000800000000, 0x0000000800000000)
  eden space 465408K, 0% used [0x00000007d5500000,0x00000007d5500000,0x00000007f1b80000)
  from space 114176K, 62% used [0x00000007f1b80000,0x00000007f617d090,0x00000007f8b00000)
  to   space 113664K, 0% used [0x00000007f9100000,0x00000007f9100000,0x0000000800000000)
 ParOldGen       total 222208K, used 134600K [0x0000000780000000, 0x000000078d900000, 0x00000007d5500000)
  object space 222208K, 60% used [0x0000000780000000,0x00000007883721f8,0x000000078d900000)
 PSPermGen       total 22016K, used 21312K [0x000000077ae00000, 0x000000077c380000, 0x0000000780000000)
  object space 22016K, 96% used [0x000000077ae00000,0x000000077c2d0160,0x000000077c380000)
}
Event: 298007.998 GC heap before
{Heap before GC invocations=420 (full 33):
 PSYoungGen      total 579584K, used 537076K [0x00000007d5500000, 0x0000000800000000, 0x0000000800000000)
  eden space 465408K, 100% used [0x00000007d5500000,0x00000007f1b80000,0x00000007f1b80000)
  from space 114176K, 62% used [0x00000007f1b80000,0x00000007f617d090,0x00000007f8b00000)
  to   space 113664K, 0% used [0x00000007f9100000,0x00000007f9100000,0x0000000800000000)
 ParOldGen       total 222208K, used 134600K [0x0000000780000000, 0x000000078d900000, 0x00000007d5500000)
  object space 222208K, 60% used [0x0000000780000000,0x00000007883721f8,0x000000078d900000)
 PSPermGen       total 22016K, used 21312K [0x000000077ae00000, 0x000000077c380000, 0x0000000780000000)
  object space 22016K, 96% used [0x000000077ae00000,0x000000077c2d0160,0x000000077c380000)
Event: 298008.224 GC heap after
Heap after GC invocations=420 (full 33):
 PSYoungGen      total 578560K, used 8074K [0x00000007d5500000, 0x0000000800000000, 0x0000000800000000)
  eden space 464896K, 0% used [0x00000007d5500000,0x00000007d5500000,0x00000007f1b00000)
  from space 113664K, 7% used [0x00000007f9100000,0x00000007f98e2b70,0x0000000800000000)
  to   space 117248K, 0% used [0x00000007f1b00000,0x00000007f1b00000,0x00000007f8d80000)
 ParOldGen       total 222208K, used 187233K [0x0000000780000000, 0x000000078d900000, 0x00000007d5500000)
  object space 222208K, 84% used [0x0000000780000000,0x000000078b6d8660,0x000000078d900000)
 PSPermGen       total 22016K, used 21312K [0x000000077ae00000, 0x000000077c380000, 0x0000000780000000)
  object space 22016K, 96% used [0x000000077ae00000,0x000000077c2d0160,0x000000077c380000)
}
Event: 298008.224 GC heap before
{Heap before GC invocations=421 (full 34):
 PSYoungGen      total 578560K, used 8074K [0x00000007d5500000, 0x0000000800000000, 0x0000000800000000)
  eden space 464896K, 0% used [0x00000007d5500000,0x00000007d5500000,0x00000007f1b00000)
  from space 113664K, 7% used [0x00000007f9100000,0x00000007f98e2b70,0x0000000800000000)
  to   space 117248K, 0% used [0x00000007f1b00000,0x00000007f1b00000,0x00000007f8d80000)
 ParOldGen       total 222208K, used 187233K [0x0000000780000000, 0x000000078d900000, 0x00000007d5500000)
  object space 222208K, 84% used [0x0000000780000000,0x000000078b6d8660,0x000000078d900000)
 PSPermGen       total 22016K, used 21312K [0x000000077ae00000, 0x000000077c380000, 0x0000000780000000)
  object space 22016K, 96% used [0x000000077ae00000,0x000000077c2d0160,0x000000077c380000)
Event: 298008.397 GC heap after
Heap after GC invocations=421 (full 34):
 PSYoungGen      total 578560K, used 0K [0x00000007d5500000, 0x0000000800000000, 0x0000000800000000)
  eden space 464896K, 0% used [0x00000007d5500000,0x00000007d5500000,0x00000007f1b00000)
  from space 113664K, 0% used [0x00000007f9100000,0x00000007f9100000,0x0000000800000000)
  to   space 117248K, 0% used [0x00000007f1b00000,0x00000007f1b00000,0x00000007f8d80000)
 ParOldGen       total 242176K, used 120164K [0x0000000780000000, 0x000000078ec80000, 0x00000007d5500000)
  object space 242176K, 49% used [0x0000000780000000,0x00000007875593f0,0x000000078ec80000)
 PSPermGen       total 22016K, used 21312K [0x000000077ae00000, 0x000000077c380000, 0x0000000780000000)
  object space 22016K, 96% used [0x000000077ae00000,0x000000077c2d00c0,0x000000077c380000)
}

